build/app/intermediates/manifest_merge_blame_file/release/processReleaseMainManifest/manifest-merger-blame-release-report.txt
1<?xml version="1.0" encoding="utf-8"?>
2<manifest xmlns:android="http://schemas.android.com/apk/res/android"
3    package="com.example.hafiyyat"
4    android:versionCode="1"
5    android:versionName="1.0.0" >
6
7    <uses-sdk
8        android:minSdkVersion="21"
9        android:targetSdkVersion="35" />
10    <!-- GEREKLİ İZİNLER -->
11    <uses-permission android:name="android.permission.READ_MEDIA_IMAGES" />
11-->src\main\AndroidManifest.xml:3:5-76
11-->src\main\AndroidManifest.xml:3:22-73
12    <uses-permission
12-->src\main\AndroidManifest.xml:4:5-5:38
13        android:name="android.permission.WRITE_EXTERNAL_STORAGE"
13-->src\main\AndroidManifest.xml:4:22-78
14        android:maxSdkVersion="28" />
14-->src\main\AndroidManifest.xml:5:9-35
15    <uses-permission
15-->src\main\AndroidManifest.xml:6:5-7:38
16        android:name="android.permission.READ_EXTERNAL_STORAGE"
16-->src\main\AndroidManifest.xml:6:22-77
17        android:maxSdkVersion="32" />
17-->src\main\AndroidManifest.xml:7:9-35
18    <!--
19         Required to query activities that can process text, see:
20         https://developer.android.com/training/package-visibility and
21         https://developer.android.com/reference/android/content/Intent#ACTION_PROCESS_TEXT.
22
23         In particular, this is used by the Flutter engine in io.flutter.plugin.text.ProcessTextPlugin.
24    -->
25    <queries>
25-->src\main\AndroidManifest.xml:46:5-51:15
26        <intent>
26-->src\main\AndroidManifest.xml:47:9-50:18
27            <action android:name="android.intent.action.PROCESS_TEXT" />
27-->src\main\AndroidManifest.xml:48:13-72
27-->src\main\AndroidManifest.xml:48:21-70
28
29            <data android:mimeType="text/plain" />
29-->src\main\AndroidManifest.xml:49:13-50
29-->src\main\AndroidManifest.xml:49:19-48
30        </intent>
31    </queries>
32
33    <permission
33-->[androidx.core:core:1.13.1] AndroidManifest.xml:22:5-24:47
34        android:name="com.example.hafiyyat.DYNAMIC_RECEIVER_NOT_EXPORTED_PERMISSION"
34-->[androidx.core:core:1.13.1] AndroidManifest.xml:23:9-81
35        android:protectionLevel="signature" />
35-->[androidx.core:core:1.13.1] AndroidManifest.xml:24:9-44
36
37    <uses-permission android:name="com.example.hafiyyat.DYNAMIC_RECEIVER_NOT_EXPORTED_PERMISSION" />
37-->[androidx.core:core:1.13.1] AndroidManifest.xml:26:5-97
37-->[androidx.core:core:1.13.1] AndroidManifest.xml:26:22-94
38
39    <application
40        android:name="android.app.Application"
40-->src\main\AndroidManifest.xml:11:9-42
41        android:appComponentFactory="androidx.core.app.CoreComponentFactory"
41-->[androidx.core:core:1.13.1] AndroidManifest.xml:28:18-86
42        android:extractNativeLibs="true"
43        android:icon="@mipmap/launcher_icon"
43-->src\main\AndroidManifest.xml:12:9-45
44        android:label="Hafiyyat" >
44-->src\main\AndroidManifest.xml:10:9-33
45        <activity
45-->src\main\AndroidManifest.xml:13:9-34:20
46            android:name="com.example.hafiyyat.MainActivity"
46-->src\main\AndroidManifest.xml:14:13-41
47            android:configChanges="orientation|keyboardHidden|keyboard|screenSize|smallestScreenSize|locale|layoutDirection|fontScale|screenLayout|density|uiMode"
47-->src\main\AndroidManifest.xml:19:13-163
48            android:exported="true"
48-->src\main\AndroidManifest.xml:15:13-36
49            android:hardwareAccelerated="true"
49-->src\main\AndroidManifest.xml:20:13-47
50            android:launchMode="singleTop"
50-->src\main\AndroidManifest.xml:16:13-43
51            android:taskAffinity=""
51-->src\main\AndroidManifest.xml:17:13-36
52            android:theme="@style/LaunchTheme"
52-->src\main\AndroidManifest.xml:18:13-47
53            android:windowSoftInputMode="adjustResize" >
53-->src\main\AndroidManifest.xml:21:13-55
54
55            <!--
56                 Specifies an Android theme to apply to this Activity as soon as
57                 the Android process has started. This theme is visible to the user
58                 while the Flutter UI initializes. After that, this theme continues
59                 to determine the Window background behind the Flutter UI.
60            -->
61            <meta-data
61-->src\main\AndroidManifest.xml:26:13-29:17
62                android:name="io.flutter.embedding.android.NormalTheme"
62-->src\main\AndroidManifest.xml:27:15-70
63                android:resource="@style/NormalTheme" />
63-->src\main\AndroidManifest.xml:28:15-52
64
65            <intent-filter>
65-->src\main\AndroidManifest.xml:30:13-33:29
66                <action android:name="android.intent.action.MAIN" />
66-->src\main\AndroidManifest.xml:31:17-68
66-->src\main\AndroidManifest.xml:31:25-66
67
68                <category android:name="android.intent.category.LAUNCHER" />
68-->src\main\AndroidManifest.xml:32:17-76
68-->src\main\AndroidManifest.xml:32:27-74
69            </intent-filter>
70        </activity>
71        <!--
72             Don't delete the meta-data below.
73             This is used by the Flutter tool to generate GeneratedPluginRegistrant.java
74        -->
75        <meta-data
75-->src\main\AndroidManifest.xml:37:9-39:33
76            android:name="flutterEmbedding"
76-->src\main\AndroidManifest.xml:38:13-44
77            android:value="2" />
77-->src\main\AndroidManifest.xml:39:13-30
78        <!--
79           Declares a provider which allows us to store files to share in
80           '.../caches/share_plus' and grant the receiving action access
81        -->
82        <provider
82-->[:share_plus] AndroidManifest.xml:13:9-21:20
83            android:name="dev.fluttercommunity.plus.share.ShareFileProvider"
83-->[:share_plus] AndroidManifest.xml:14:13-77
84            android:authorities="com.example.hafiyyat.flutter.share_provider"
84-->[:share_plus] AndroidManifest.xml:15:13-74
85            android:exported="false"
85-->[:share_plus] AndroidManifest.xml:16:13-37
86            android:grantUriPermissions="true" >
86-->[:share_plus] AndroidManifest.xml:17:13-47
87            <meta-data
87-->[:share_plus] AndroidManifest.xml:18:13-20:68
88                android:name="android.support.FILE_PROVIDER_PATHS"
88-->[:share_plus] AndroidManifest.xml:19:17-67
89                android:resource="@xml/flutter_share_file_paths" />
89-->[:share_plus] AndroidManifest.xml:20:17-65
90        </provider>
91        <!--
92           This manifest declared broadcast receiver allows us to use an explicit
93           Intent when creating a PendingItent to be informed of the user's choice
94        -->
95        <receiver
95-->[:share_plus] AndroidManifest.xml:26:9-32:20
96            android:name="dev.fluttercommunity.plus.share.SharePlusPendingIntent"
96-->[:share_plus] AndroidManifest.xml:27:13-82
97            android:exported="false" >
97-->[:share_plus] AndroidManifest.xml:28:13-37
98            <intent-filter>
98-->[:share_plus] AndroidManifest.xml:29:13-31:29
99                <action android:name="EXTRA_CHOSEN_COMPONENT" />
99-->[:share_plus] AndroidManifest.xml:30:17-65
99-->[:share_plus] AndroidManifest.xml:30:25-62
100            </intent-filter>
101        </receiver>
102
103        <provider
103-->[:image_picker_android] AndroidManifest.xml:9:9-17:20
104            android:name="io.flutter.plugins.imagepicker.ImagePickerFileProvider"
104-->[:image_picker_android] AndroidManifest.xml:10:13-82
105            android:authorities="com.example.hafiyyat.flutter.image_provider"
105-->[:image_picker_android] AndroidManifest.xml:11:13-74
106            android:exported="false"
106-->[:image_picker_android] AndroidManifest.xml:12:13-37
107            android:grantUriPermissions="true" >
107-->[:image_picker_android] AndroidManifest.xml:13:13-47
108            <meta-data
108-->[:share_plus] AndroidManifest.xml:18:13-20:68
109                android:name="android.support.FILE_PROVIDER_PATHS"
109-->[:share_plus] AndroidManifest.xml:19:17-67
110                android:resource="@xml/flutter_image_picker_file_paths" />
110-->[:share_plus] AndroidManifest.xml:20:17-65
111        </provider> <!-- Trigger Google Play services to install the backported photo picker module. -->
112        <service
112-->[:image_picker_android] AndroidManifest.xml:19:9-31:19
113            android:name="com.google.android.gms.metadata.ModuleDependencies"
113-->[:image_picker_android] AndroidManifest.xml:20:13-78
114            android:enabled="false"
114-->[:image_picker_android] AndroidManifest.xml:21:13-36
115            android:exported="false" >
115-->[:image_picker_android] AndroidManifest.xml:22:13-37
116            <intent-filter>
116-->[:image_picker_android] AndroidManifest.xml:24:13-26:29
117                <action android:name="com.google.android.gms.metadata.MODULE_DEPENDENCIES" />
117-->[:image_picker_android] AndroidManifest.xml:25:17-94
117-->[:image_picker_android] AndroidManifest.xml:25:25-91
118            </intent-filter>
119
120            <meta-data
120-->[:image_picker_android] AndroidManifest.xml:28:13-30:36
121                android:name="photopicker_activity:0:required"
121-->[:image_picker_android] AndroidManifest.xml:29:17-63
122                android:value="" />
122-->[:image_picker_android] AndroidManifest.xml:30:17-33
123        </service>
124
125        <uses-library
125-->[androidx.window:window:1.2.0] AndroidManifest.xml:23:9-25:40
126            android:name="androidx.window.extensions"
126-->[androidx.window:window:1.2.0] AndroidManifest.xml:24:13-54
127            android:required="false" />
127-->[androidx.window:window:1.2.0] AndroidManifest.xml:25:13-37
128        <uses-library
128-->[androidx.window:window:1.2.0] AndroidManifest.xml:26:9-28:40
129            android:name="androidx.window.sidecar"
129-->[androidx.window:window:1.2.0] AndroidManifest.xml:27:13-51
130            android:required="false" />
130-->[androidx.window:window:1.2.0] AndroidManifest.xml:28:13-37
131
132        <provider
132-->[androidx.lifecycle:lifecycle-process:2.7.0] AndroidManifest.xml:24:9-32:20
133            android:name="androidx.startup.InitializationProvider"
133-->[androidx.lifecycle:lifecycle-process:2.7.0] AndroidManifest.xml:25:13-67
134            android:authorities="com.example.hafiyyat.androidx-startup"
134-->[androidx.lifecycle:lifecycle-process:2.7.0] AndroidManifest.xml:26:13-68
135            android:exported="false" >
135-->[androidx.lifecycle:lifecycle-process:2.7.0] AndroidManifest.xml:27:13-37
136            <meta-data
136-->[androidx.lifecycle:lifecycle-process:2.7.0] AndroidManifest.xml:29:13-31:52
137                android:name="androidx.lifecycle.ProcessLifecycleInitializer"
137-->[androidx.lifecycle:lifecycle-process:2.7.0] AndroidManifest.xml:30:17-78
138                android:value="androidx.startup" />
138-->[androidx.lifecycle:lifecycle-process:2.7.0] AndroidManifest.xml:31:17-49
139            <meta-data
139-->[androidx.profileinstaller:profileinstaller:1.3.1] AndroidManifest.xml:29:13-31:52
140                android:name="androidx.profileinstaller.ProfileInstallerInitializer"
140-->[androidx.profileinstaller:profileinstaller:1.3.1] AndroidManifest.xml:30:17-85
141                android:value="androidx.startup" />
141-->[androidx.profileinstaller:profileinstaller:1.3.1] AndroidManifest.xml:31:17-49
142        </provider>
143
144        <receiver
144-->[androidx.profileinstaller:profileinstaller:1.3.1] AndroidManifest.xml:34:9-52:20
145            android:name="androidx.profileinstaller.ProfileInstallReceiver"
145-->[androidx.profileinstaller:profileinstaller:1.3.1] AndroidManifest.xml:35:13-76
146            android:directBootAware="false"
146-->[androidx.profileinstaller:profileinstaller:1.3.1] AndroidManifest.xml:36:13-44
147            android:enabled="true"
147-->[androidx.profileinstaller:profileinstaller:1.3.1] AndroidManifest.xml:37:13-35
148            android:exported="true"
148-->[androidx.profileinstaller:profileinstaller:1.3.1] AndroidManifest.xml:38:13-36
149            android:permission="android.permission.DUMP" >
149-->[androidx.profileinstaller:profileinstaller:1.3.1] AndroidManifest.xml:39:13-57
150            <intent-filter>
150-->[androidx.profileinstaller:profileinstaller:1.3.1] AndroidManifest.xml:40:13-42:29
151                <action android:name="androidx.profileinstaller.action.INSTALL_PROFILE" />
151-->[androidx.profileinstaller:profileinstaller:1.3.1] AndroidManifest.xml:41:17-91
151-->[androidx.profileinstaller:profileinstaller:1.3.1] AndroidManifest.xml:41:25-88
152            </intent-filter>
153            <intent-filter>
153-->[androidx.profileinstaller:profileinstaller:1.3.1] AndroidManifest.xml:43:13-45:29
154                <action android:name="androidx.profileinstaller.action.SKIP_FILE" />
154-->[androidx.profileinstaller:profileinstaller:1.3.1] AndroidManifest.xml:44:17-85
154-->[androidx.profileinstaller:profileinstaller:1.3.1] AndroidManifest.xml:44:25-82
155            </intent-filter>
156            <intent-filter>
156-->[androidx.profileinstaller:profileinstaller:1.3.1] AndroidManifest.xml:46:13-48:29
157                <action android:name="androidx.profileinstaller.action.SAVE_PROFILE" />
157-->[androidx.profileinstaller:profileinstaller:1.3.1] AndroidManifest.xml:47:17-88
157-->[androidx.profileinstaller:profileinstaller:1.3.1] AndroidManifest.xml:47:25-85
158            </intent-filter>
159            <intent-filter>
159-->[androidx.profileinstaller:profileinstaller:1.3.1] AndroidManifest.xml:49:13-51:29
160                <action android:name="androidx.profileinstaller.action.BENCHMARK_OPERATION" />
160-->[androidx.profileinstaller:profileinstaller:1.3.1] AndroidManifest.xml:50:17-95
160-->[androidx.profileinstaller:profileinstaller:1.3.1] AndroidManifest.xml:50:25-92
161            </intent-filter>
162        </receiver>
163    </application>
164
165</manifest>